<?xml version="1.0" encoding="UTF-8"?>
<!-- Generated by org.testng.reporters.JUnitReportReporter -->
<testsuite hostname="DESKTOP-AV62DVG" failures="0" tests="3" name="adminSponsorValidationScript.PoweredByValidation" time="22.300" errors="0" timestamp="2025-07-10T16:20:05 IST" skipped="0">
  <testcase classname="adminSponsorValidationScript.PoweredByValidation" name="addPoweredByValidation" time="8.960">
    <system-out>
      <![CDATA[Powered By creation message: powered by created successfully.]]>
    </system-out>
  </testcase> <!-- addPoweredByValidation -->
  <testcase classname="adminSponsorValidationScript.PoweredByValidation" name="updatePoweredByValidation" time="10.791">
    <system-out>
      <![CDATA[Powered By creation message: powered by updated successfully]]>
    </system-out>
  </testcase> <!-- updatePoweredByValidation -->
  <testcase classname="adminSponsorValidationScript.PoweredByValidation" name="deletePoweredByValidation" time="2.549">
    <system-out>
      <![CDATA[Powered By creation message: poweredby deleted successfully.]]>
    </system-out>
  </testcase> <!-- deletePoweredByValidation -->
  <system-out>
    <![CDATA[Admin login successful
Powered By creation message: powered by created successfully.
Powered By creation message: powered by updated successfully
Powered By creation message: poweredby deleted successfully.]]>
  </system-out>
</testsuite> <!-- adminSponsorValidationScript.PoweredByValidation -->
