<?xml version="1.0" encoding="UTF-8"?>
<!-- Generated by org.testng.reporters.JUnitReportReporter -->
<testsuite hostname="DESKTOP-AV62DVG" failures="0" tests="3" name="UserAppLoginValidation.LoginFunctionalityValidation" time="18.478" errors="0" timestamp="2025-06-10T15:14:42 IST" skipped="0">
  <testcase classname="UserAppLoginValidation.LoginFunctionalityValidation" name="verifyLoginWithInvalidCredentials" time="5.899"/>
  <testcase classname="UserAppLoginValidation.LoginFunctionalityValidation" name="verifyLoginWithInvalidCredentials" time="6.734"/>
  <testcase classname="UserAppLoginValidation.LoginFunctionalityValidation" name="verifyLoginWithInvalidCredentials" time="5.845"/>
</testsuite> <!-- UserAppLoginValidation.LoginFunctionalityValidation -->
