<?xml version="1.0" encoding="UTF-8"?>
<!-- Generated by org.testng.reporters.JUnitReportReporter -->
<testsuite hostname="DESKTOP-AV62DVG" failures="0" tests="1" name="adminConferenceValidation.ConferenceRegValidationTest" time="2.627" errors="0" timestamp="2025-07-03T15:57:17 IST" skipped="0">
  <testcase classname="adminConferenceValidation.ConferenceRegValidationTest" name="changePaymentStatus" time="2.627">
    <system-out>
      <![CDATA[Payment status of user Kajal Rokade  changed to : Paid.]]>
    </system-out>
  </testcase> <!-- changePaymentStatus -->
  <system-out>
    <![CDATA[Admin login successful
Payment status of user Kajal Rokade  changed to : Paid.]]>
  </system-out>
</testsuite> <!-- adminConferenceValidation.ConferenceRegValidationTest -->
