<?xml version="1.0" encoding="UTF-8"?>
<!-- Generated by org.testng.reporters.JUnitReportReporter -->
<testsuite hostname="DESKTOP-AV62DVG" failures="0" tests="1" name="adminConferenceValidation.DashboardValidation" time="8.433" errors="0" timestamp="2025-07-04T17:30:51 IST" skipped="0">
  <testcase classname="adminConferenceValidation.DashboardValidation" name="verifyRegistrationBreakdownWithAttendeeData" time="8.433">
    <system-out>
      <![CDATA[Dashboard Paid Count: 0
Dashboard Refunded Count: 1
Dashboard Canceled Count: 0
Paid Attendee Count: 0
Refunded Attendee Count: 1
Canceled Attendee Count: 0
✔ Registration breakdown data matches attendee statuses.]]>
    </system-out>
  </testcase> <!-- verifyRegistrationBreakdownWithAttendeeData -->
  <system-out>
    <![CDATA[Admin login successful
Dashboard Paid Count: 0
Dashboard Refunded Count: 1
Dashboard Canceled Count: 0
Paid Attendee Count: 0
Refunded Attendee Count: 1
Canceled Attendee Count: 0
✔ Registration breakdown data matches attendee statuses.]]>
  </system-out>
</testsuite> <!-- adminConferenceValidation.DashboardValidation -->
