<?xml version="1.0" encoding="UTF-8"?>
<!-- Generated by org.testng.reporters.JUnitReportReporter -->
<testsuite hostname="DESKTOP-AV62DVG" failures="0" tests="1" name="adminWebinarValidationScript.UpdateWebinar" time="13.936" errors="0" timestamp="2025-07-23T17:47:29 IST" skipped="0">
  <testcase classname="adminWebinarValidationScript.UpdateWebinar" name="addSession" time="13.936">
    <system-out>
      <![CDATA[✅ Session :  : session added successfully.]]>
    </system-out>
  </testcase> <!-- addSession -->
  <system-out>
    <![CDATA[Admin login successful
Events found with the name: AI Automation Webinar
✅ Session :  : session added successfully.
Admin logout successful]]>
  </system-out>
</testsuite> <!-- adminWebinarValidationScript.UpdateWebinar -->
