<?xml version="1.0" encoding="UTF-8"?>
<!-- Generated by org.testng.reporters.JUnitReportReporter -->
<testsuite hostname="DESKTOP-AV62DVG" failures="0" tests="12" name="adminWorkshopValidation.WorkshopUpdateTest" time="169.993" errors="0" timestamp="2025-07-15T13:03:08 IST" skipped="0">
  <testcase classname="adminWorkshopValidation.WorkshopUpdateTest" name="TestWithValidData" time="62.854">
    <system-out>
      <![CDATA[Workshop image updated successfully.
AI Automation Workshop Workshop created successfully.]]>
    </system-out>
  </testcase> <!-- TestWithValidData -->
  <testcase classname="adminWorkshopValidation.WorkshopUpdateTest" name="addSessions" time="13.388">
    <system-out>
      <![CDATA[✅ Session :  session added successfully.]]>
    </system-out>
  </testcase> <!-- addSessions -->
  <testcase classname="adminWorkshopValidation.WorkshopUpdateTest" name="updateSession" time="14.610">
    <system-out>
      <![CDATA[✅ Sesssion :  session updated successfully.]]>
    </system-out>
  </testcase> <!-- updateSession -->
  <testcase classname="adminWorkshopValidation.WorkshopUpdateTest" name="deleteSession" time="1.681">
    <system-out>
      <![CDATA[Session deleted successfully.]]>
    </system-out>
  </testcase> <!-- deleteSession -->
  <testcase classname="adminWorkshopValidation.WorkshopUpdateTest" name="addNewSpeakers" time="16.155">
    <system-out>
      <![CDATA[✅ Speaker :  speaker added successfully.]]>
    </system-out>
  </testcase> <!-- addNewSpeakers -->
  <testcase classname="adminWorkshopValidation.WorkshopUpdateTest" name="addExistingSpeakers" time="13.334">
    <system-out>
      <![CDATA[✅ Speaker :  speakers added successfully.]]>
    </system-out>
  </testcase> <!-- addExistingSpeakers -->
  <testcase classname="adminWorkshopValidation.WorkshopUpdateTest" name="updateSpeaker" time="12.150">
    <system-out>
      <![CDATA[✅ Sponsor speaker updated successfully.]]>
    </system-out>
  </testcase> <!-- updateSpeaker -->
  <testcase classname="adminWorkshopValidation.WorkshopUpdateTest" name="deleteSpeaker" time="1.475">
    <system-out>
      <![CDATA[Speaker deleted successfully.]]>
    </system-out>
  </testcase> <!-- deleteSpeaker -->
  <testcase classname="adminWorkshopValidation.WorkshopUpdateTest" name="addNewSponsor" time="14.189">
    <system-out>
      <![CDATA[⚠️ Duplicate Sponsor duplicate name found.
🛑 Form closed after duplicate toast.]]>
    </system-out>
  </testcase> <!-- addNewSponsor -->
  <testcase classname="adminWorkshopValidation.WorkshopUpdateTest" name="sponsorUpdate" time="13.642">
    <system-out>
      <![CDATA[⚠️ Duplicate Sponsor duplicate name found.
ℹ️ Cancel button not available. Skipping form close.]]>
    </system-out>
  </testcase> <!-- sponsorUpdate -->
  <testcase classname="adminWorkshopValidation.WorkshopUpdateTest" name="addExistingSponsors" time="4.821">
    <system-out>
      <![CDATA[⚠️ Duplicate Sponsor duplicate name found.
🛑 Form closed after duplicate toast.]]>
    </system-out>
  </testcase> <!-- addExistingSponsors -->
  <testcase classname="adminWorkshopValidation.WorkshopUpdateTest" name="deleteSponsor" time="1.694">
    <system-out>
      <![CDATA[Sponsor deleted successfully.]]>
    </system-out>
  </testcase> <!-- deleteSponsor -->
  <system-out>
    <![CDATA[Admin login successful
Workshop image updated successfully.
AI Automation Workshop Workshop created successfully.
✅ Session :  session added successfully.
✅ Sesssion :  session updated successfully.
Session deleted successfully.
✅ Speaker :  speaker added successfully.
✅ Speaker :  speakers added successfully.
✅ Sponsor speaker updated successfully.
Speaker deleted successfully.
⚠️ Duplicate Sponsor duplicate name found.
🛑 Form closed after duplicate toast.
⚠️ Duplicate Sponsor duplicate name found.
ℹ️ Cancel button not available. Skipping form close.
⚠️ Duplicate Sponsor duplicate name found.
🛑 Form closed after duplicate toast.
Sponsor deleted successfully.]]>
  </system-out>
</testsuite> <!-- adminWorkshopValidation.WorkshopUpdateTest -->
