<?xml version="1.0" encoding="UTF-8"?>
<!-- Generated by org.testng.reporters.JUnitReportReporter -->
<testsuite hostname="DESKTOP-AV62DVG" failures="0" tests="1" name="adminModeratorValidation.ModeratorValidation" time="17.985" errors="0" timestamp="2025-07-17T11:57:01 IST" skipped="0">
  <testcase classname="adminModeratorValidation.ModeratorValidation" name="validateAddModeratorFunctionality" time="17.985">
    <system-out>
      <![CDATA[✅ Kajal Rokade : moderator added successfully]]>
    </system-out>
  </testcase> <!-- validateAddModeratorFunctionality -->
  <system-out>
    <![CDATA[Admin login successful
✅ Kajal Rokade : moderator added successfully
Admin logout successful]]>
  </system-out>
</testsuite> <!-- adminModeratorValidation.ModeratorValidation -->
