<?xml version="1.0" encoding="UTF-8"?>
<!-- Generated by org.testng.reporters.JUnitReportReporter -->
<testsuite hostname="DESKTOP-AV62DVG" failures="0" tests="3" name="adminSponsorValidationScript.sponsorValidation" time="44.855" errors="0" timestamp="2025-07-15T16:33:00 IST" skipped="0">
  <testcase classname="adminSponsorValidationScript.sponsorValidation" name="sponsorValidationTest" time="13.284">
    <system-out>
      <![CDATA[Sponsor creation message: duplicate name found.]]>
    </system-out>
  </testcase> <!-- sponsorValidationTest -->
  <testcase classname="adminSponsorValidationScript.sponsorValidation" name="updateSponsorsValidations" time="22.628">
    <system-out>
      <![CDATA[Sponsor creation message: sponsor updated successfully]]>
    </system-out>
  </testcase> <!-- updateSponsorsValidations -->
  <testcase classname="adminSponsorValidationScript.sponsorValidation" name="deleteSponsorValidation" time="8.943">
    <system-out>
      <![CDATA[Sponsor deletion message: sponsor deleted successfully.]]>
    </system-out>
  </testcase> <!-- deleteSponsorValidation -->
  <system-out>
    <![CDATA[Admin login successful
Sponsor creation message: duplicate name found.
Sponsor creation message: sponsor updated successfully
Sponsor deletion message: sponsor deleted successfully.]]>
  </system-out>
</testsuite> <!-- adminSponsorValidationScript.sponsorValidation -->
