<?xml version="1.0" encoding="UTF-8"?>
<!-- Generated by org.testng.reporters.JUnitReportReporter -->
<testsuite hostname="DESKTOP-AV62DVG" failures="0" tests="3" name="adminSponsorValidationScript.InviteSpeakersValidation" time="15.646" errors="0" timestamp="2025-07-15T14:59:59 IST" skipped="0">
  <testcase classname="adminSponsorValidationScript.InviteSpeakersValidation" name="sendSpeakersValidation" time="6.444">
    <system-out>
      <![CDATA[✅ Speaker invitation send successfully.]]>
    </system-out>
  </testcase> <!-- sendSpeakersValidation -->
  <testcase classname="adminSponsorValidationScript.InviteSpeakersValidation" name="resendSpeakerInvitation" time="4.720">
    <system-out>
      <![CDATA[✅ Speaker invitation resend successfully.]]>
    </system-out>
  </testcase> <!-- resendSpeakerInvitation -->
  <testcase classname="adminSponsorValidationScript.InviteSpeakersValidation" name="deleteSpeakerInvitation" time="4.482">
    <system-out>
      <![CDATA[✅ Speaker invitation deleted successfully.]]>
    </system-out>
  </testcase> <!-- deleteSpeakerInvitation -->
  <system-out>
    <![CDATA[Admin login successful
✅ Speaker invitation send successfully.
✅ Speaker invitation resend successfully.
✅ Speaker invitation deleted successfully.]]>
  </system-out>
</testsuite> <!-- adminSponsorValidationScript.InviteSpeakersValidation -->
