<?xml version="1.0" encoding="UTF-8"?>
<!-- Generated by org.testng.reporters.JUnitReportReporter -->
<testsuite hostname="DESKTOP-AV62DVG" failures="0" tests="4" name="AdminSubscriptionSubDomainScripts.SubscriptionValidtion" time="39.807" errors="0" timestamp="2025-07-17T15:47:04 IST" skipped="0">
  <testcase classname="AdminSubscriptionSubDomainScripts.SubscriptionValidtion" name="addSubscriptionPlanValidation" time="11.221">
    <system-out>
      <![CDATA[⚠️ Duplicate Premium : duplicate type found.
🛑 Form closed after duplicate toast.]]>
    </system-out>
  </testcase> <!-- addSubscriptionPlanValidation -->
  <testcase classname="AdminSubscriptionSubDomainScripts.SubscriptionValidtion" name="addSubscriptionPlanValidation" time="10.927">
    <system-out>
      <![CDATA[✅ Basic : subscription plan created successfully.]]>
    </system-out>
  </testcase> <!-- addSubscriptionPlanValidation -->
  <testcase classname="AdminSubscriptionSubDomainScripts.SubscriptionValidtion" name="updateSubscriptionPlanValidation" time="12.128">
    <system-out>
      <![CDATA[✅ Basic : subscription updated successfully]]>
    </system-out>
  </testcase> <!-- updateSubscriptionPlanValidation -->
  <testcase classname="AdminSubscriptionSubDomainScripts.SubscriptionValidtion" name="deleteSubscriptionPlanValidation" time="5.531">
    <system-out>
      <![CDATA[✅ Basic : subscription plan deleted successfully.]]>
    </system-out>
  </testcase> <!-- deleteSubscriptionPlanValidation -->
  <system-out>
    <![CDATA[Admin login successful
✅ Basic : subscription plan created successfully.
⚠️ Duplicate Premium : duplicate type found.
🛑 Form closed after duplicate toast.
✅ Basic : subscription updated successfully
✅ Basic : subscription plan deleted successfully.
Admin logout successful]]>
  </system-out>
</testsuite> <!-- AdminSubscriptionSubDomainScripts.SubscriptionValidtion -->
