<?xml version="1.0" encoding="UTF-8"?>
<!-- Generated by org.testng.reporters.JUnitReportReporter -->
<testsuite hostname="DESKTOP-AV62DVG" failures="0" tests="2" name="adminConferenceValidation.ConferenceCreationTest" time="17.686" errors="0" timestamp="2025-06-26T17:43:01 IST" skipped="0">
  <testcase classname="adminConferenceValidation.ConferenceCreationTest" name="TestWithValidData" time="16.489">
    <system-out>
      <![CDATA[Conference created successfully with name: AI Automation Testing]]>
    </system-out>
  </testcase> <!-- TestWithValidData -->
  <testcase classname="adminConferenceValidation.ConferenceCreationTest" name="navigateToConferencePage" time="1.197"/>
  <system-out>
    <![CDATA[Conference created successfully with name: AI Automation Testing]]>
  </system-out>
</testsuite> <!-- adminConferenceValidation.ConferenceCreationTest -->
