<?xml version="1.0" encoding="UTF-8"?>
<!-- Generated by org.testng.reporters.JUnitReportReporter -->
<testsuite hostname="DESKTOP-AV62DVG" failures="0" tests="1" name="adminPodcastValidationScripts.UpdatePodcastTest" time="13.693" errors="0" timestamp="2025-07-29T15:55:16 IST" skipped="0">
  <testcase classname="adminPodcastValidationScripts.UpdatePodcastTest" name="updateZoomTest" time="13.693">
    <system-out>
      <![CDATA[✅ AI Automation Webinar : meeting updated successfully.]]>
    </system-out>
  </testcase> <!-- updateZoomTest -->
  <system-out>
    <![CDATA[Admin login successful
Events found with the name: AI Automation Podcast
✅ AI Automation Webinar : meeting updated successfully.
Admin logout successful]]>
  </system-out>
</testsuite> <!-- adminPodcastValidationScripts.UpdatePodcastTest -->
