<?xml version="1.0" encoding="UTF-8"?>
<!-- Generated by org.testng.reporters.JUnitReportReporter -->
<testsuite hostname="DESKTOP-AV62DVG" failures="0" tests="1" name="adminPodcastValidationScripts.AddPodcastTest" time="23.666" errors="0" timestamp="2025-07-25T10:07:13 IST" skipped="0">
  <testcase classname="adminPodcastValidationScripts.AddPodcastTest" name="addPodcast" time="23.666">
    <system-out>
      <![CDATA[✅ AI Automation Podcast : new podcast created successfully.]]>
    </system-out>
  </testcase> <!-- addPodcast -->
  <system-out>
    <![CDATA[Admin login successful
✅ AI Automation Podcast : new podcast created successfully.
Admin logout successful]]>
  </system-out>
</testsuite> <!-- adminPodcastValidationScripts.AddPodcastTest -->
