<?xml version="1.0" encoding="UTF-8"?>
<!-- Generated by org.testng.reporters.JUnitReportReporter -->
<testsuite hostname="DESKTOP-AV62DVG" failures="0" tests="1" name="SponsorValidationScript.sponsorValidation" time="6.413" errors="0" timestamp="2025-06-09T11:10:09 IST" skipped="0">
  <testcase classname="SponsorValidationScript.sponsorValidation" name="sponsorValidationTest" time="6.413"/>
</testsuite> <!-- SponsorValidationScript.sponsorValidation -->
