<?xml version="1.0" encoding="UTF-8"?>
<!-- Generated by org.testng.reporters.JUnitReportReporter -->
<testsuite hostname="DESKTOP-AV62DVG" failures="0" tests="2" name="adminWorkshopValidation.EventFilterValidationBase" time="196.033" errors="0" timestamp="2025-07-09T16:06:18 IST" skipped="0">
  <testcase classname="adminWorkshopValidation.EventFilterValidationBase" name="runConferenceValidation" time="83.390">
    <system-out>
      <![CDATA[▶ conference → Total Dashboard Count: 6
→ Found: 6
✔ Total filter validated

▶ conference → Live Dashboard Count: 1
→ Found: 1
✔ Live filter validated

▶ conference → Upcoming Dashboard Count: 2
→ Found: 2
✔ Upcoming filter validated

▶ conference → Past Dashboard Count: 2
→ Found: 2
✔ Past filter validated

▶ conference → Pending Dashboard Count: 1
→ Found: 1
✔ Pending filter validated
]]>
    </system-out>
  </testcase> <!-- runConferenceValidation -->
  <testcase classname="adminWorkshopValidation.EventFilterValidationBase" name="runWorkshopValidation" time="112.643">
    <system-out>
      <![CDATA[▶ workshop → Total Dashboard Count: 7
→ Found: 7
✔ Total filter validated

▶ workshop → Live Dashboard Count: 1
→ Found: 1
✔ Live filter validated

▶ workshop → Upcoming Dashboard Count: 3
→ Found: 3
✔ Upcoming filter validated

▶ workshop → Past Dashboard Count: 3
→ Found: 3
✔ Past filter validated

▶ workshop → Pending Dashboard Count: 0
→ Found: 0
✔ Pending filter validated
]]>
    </system-out>
  </testcase> <!-- runWorkshopValidation -->
  <system-out>
    <![CDATA[Admin login successful
▶ conference → Total Dashboard Count: 6
→ Found: 6
✔ Total filter validated

▶ conference → Live Dashboard Count: 1
→ Found: 1
✔ Live filter validated

▶ conference → Upcoming Dashboard Count: 2
→ Found: 2
✔ Upcoming filter validated

▶ conference → Past Dashboard Count: 2
→ Found: 2
✔ Past filter validated

▶ conference → Pending Dashboard Count: 1
→ Found: 1
✔ Pending filter validated

▶ workshop → Total Dashboard Count: 7
→ Found: 7
✔ Total filter validated

▶ workshop → Live Dashboard Count: 1
→ Found: 1
✔ Live filter validated

▶ workshop → Upcoming Dashboard Count: 3
→ Found: 3
✔ Upcoming filter validated

▶ workshop → Past Dashboard Count: 3
→ Found: 3
✔ Past filter validated

▶ workshop → Pending Dashboard Count: 0
→ Found: 0
✔ Pending filter validated
]]>
  </system-out>
</testsuite> <!-- adminWorkshopValidation.EventFilterValidationBase -->
