<?xml version="1.0" encoding="UTF-8"?>
<!-- Generated by org.testng.reporters.JUnitReportReporter -->
<testsuite hostname="DESKTOP-AV62DVG" failures="0" tests="3" name="adminResourcesValidation.BlogsValidations" time="57.296" errors="0" timestamp="2025-07-16T12:49:11 IST" skipped="0">
  <testcase classname="adminResourcesValidation.BlogsValidations" name="addBlogsValidation" time="23.829">
    <system-out>
      <![CDATA[✅ Blog new blog created successfully.]]>
    </system-out>
  </testcase> <!-- addBlogsValidation -->
  <testcase classname="adminResourcesValidation.BlogsValidations" name="updateBlogsValidation" time="22.955">
    <system-out>
      <![CDATA[✅ Blog blog updated successfully.]]>
    </system-out>
  </testcase> <!-- updateBlogsValidation -->
  <testcase classname="adminResourcesValidation.BlogsValidations" name="deleteBlogsValidation" time="10.512">
    <system-out>
      <![CDATA[✅ Blog blog deleted successfully.]]>
    </system-out>
  </testcase> <!-- deleteBlogsValidation -->
  <system-out>
    <![CDATA[Admin login successful
✅ Blog new blog created successfully.
✅ Blog blog updated successfully.
✅ Blog blog deleted successfully.
Admin logout successful]]>
  </system-out>
</testsuite> <!-- adminResourcesValidation.BlogsValidations -->
