<?xml version="1.0" encoding="UTF-8"?>
<!-- Generated by org.testng.reporters.JUnitReportReporter -->
<testsuite hostname="DESKTOP-AV62DVG" failures="0" tests="2" name="adminConferenceValidation.VideoValidation" time="9.401" errors="0" timestamp="2025-07-03T11:10:42 IST" skipped="0">
  <testcase classname="adminConferenceValidation.VideoValidation" name="validateAddVideo" time="6.068">
    <system-out>
      <![CDATA[Video uploaded successfully.]]>
    </system-out>
  </testcase> <!-- validateAddVideo -->
  <testcase classname="adminConferenceValidation.VideoValidation" name="validateDeleteVideo" time="3.333">
    <system-out>
      <![CDATA[Video deleted successfully.]]>
    </system-out>
  </testcase> <!-- validateDeleteVideo -->
  <system-out>
    <![CDATA[Video uploaded successfully.
Video deleted successfully.]]>
  </system-out>
</testsuite> <!-- adminConferenceValidation.VideoValidation -->
