<?xml version="1.0" encoding="UTF-8"?>
<!-- Generated by org.testng.reporters.JUnitReportReporter -->
<testsuite hostname="DESKTOP-AV62DVG" failures="0" tests="1" name="adminConferenceValidation.DashboardValidation" time="0.418" errors="0" timestamp="2025-07-03T17:21:55 IST" skipped="0">
  <testcase classname="adminConferenceValidation.DashboardValidation" name="verifyDashboardData" time="0.418"/>
  <system-out>
    <![CDATA[Admin login successful]]>
  </system-out>
</testsuite> <!-- adminConferenceValidation.DashboardValidation -->
