<?xml version="1.0" encoding="UTF-8"?>
<!-- Generated by org.testng.reporters.JUnitReportReporter -->
<testsuite hostname="DESKTOP-AV62DVG" failures="0" tests="3" name="adminModeratorValidation.ModeratorValidation" time="43.934" errors="0" timestamp="2025-07-16T17:41:30 IST" skipped="0">
  <testcase classname="adminModeratorValidation.ModeratorValidation" name="validateAddModeratorFunctionality" time="18.074">
    <system-out>
      <![CDATA[⚠️ Duplicate Kajal Rokade : duplicate email found.
🛑 Form closed after duplicate toast.]]>
    </system-out>
  </testcase> <!-- validateAddModeratorFunctionality -->
  <testcase classname="adminModeratorValidation.ModeratorValidation" name="validateUpdateModeratorFunctionality" time="19.162">
    <system-out>
      <![CDATA[✅ Kajal Rokade : moderator updated successfully]]>
    </system-out>
  </testcase> <!-- validateUpdateModeratorFunctionality -->
  <testcase classname="adminModeratorValidation.ModeratorValidation" name="validateDeleteModeratorFunctionality" time="6.698">
    <system-out>
      <![CDATA[✅ Kajal Rokade : moderator deleted successfully.]]>
    </system-out>
  </testcase> <!-- validateDeleteModeratorFunctionality -->
  <system-out>
    <![CDATA[Admin login successful
⚠️ Duplicate Kajal Rokade : duplicate email found.
🛑 Form closed after duplicate toast.
✅ Kajal Rokade : moderator updated successfully
✅ Kajal Rokade : moderator deleted successfully.
Admin logout successful]]>
  </system-out>
</testsuite> <!-- adminModeratorValidation.ModeratorValidation -->
