<?xml version="1.0" encoding="UTF-8"?>
<!-- Generated by org.testng.reporters.JUnitReportReporter -->
<testsuite hostname="DESKTOP-AV62DVG" failures="0" tests="1" name="adminConferenceValidation.ConferenceUpdateTest" time="9.278" errors="0" timestamp="2025-07-04T11:47:11 IST" skipped="0">
  <testcase classname="adminConferenceValidation.ConferenceUpdateTest" name="addSessions" time="9.278">
    <system-out>
      <![CDATA[Session added successfully.]]>
    </system-out>
  </testcase> <!-- addSessions -->
  <system-out>
    <![CDATA[Admin login successful
Session added successfully.]]>
  </system-out>
</testsuite> <!-- adminConferenceValidation.ConferenceUpdateTest -->
