<?xml version="1.0" encoding="UTF-8"?>
<!-- Generated by org.testng.reporters.JUnitReportReporter -->
<testsuite hostname="DESKTOP-AV62DVG" failures="0" tests="1" name="adminConferenceValidation.ConferenceCountValidations" time="75.967" errors="0" timestamp="2025-07-07T11:56:07 IST" skipped="0">
  <testcase classname="adminConferenceValidation.ConferenceCountValidations" name="validateAllConferenceFilters" time="75.967">
    <system-out>
      <![CDATA[✔ Total Conferences count matches actual filtered events.
✔ Live Conferences count matches actual filtered events.
✔ Upcoming Conferences count matches actual filtered events.
✔ Past Conferences count matches actual filtered events.
✔ Pending Conferences count matches actual filtered events.]]>
    </system-out>
  </testcase> <!-- validateAllConferenceFilters -->
  <system-out>
    <![CDATA[Admin login successful
✔ Total Conferences count matches actual filtered events.
✔ Live Conferences count matches actual filtered events.
✔ Upcoming Conferences count matches actual filtered events.
✔ Past Conferences count matches actual filtered events.
✔ Pending Conferences count matches actual filtered events.]]>
  </system-out>
</testsuite> <!-- adminConferenceValidation.ConferenceCountValidations -->
