<?xml version="1.0" encoding="UTF-8"?>
<!-- Generated by org.testng.reporters.JUnitReportReporter -->
<testsuite hostname="DESKTOP-AV62DVG" failures="0" tests="1" name="adminPanelDiscValidationScripts.PDVideoTest" time="9.782" errors="0" timestamp="2025-07-25T12:36:07 IST" skipped="0">
  <testcase classname="adminPanelDiscValidationScripts.PDVideoTest" name="validateAddVideo" time="9.782">
    <system-out>
      <![CDATA[✅ Verified :  : upload completed successfully!]]>
    </system-out>
  </testcase> <!-- validateAddVideo -->
  <system-out>
    <![CDATA[Admin login successful
Events found with the name: AI Automation Panel Discussion
✅ Verified :  : upload completed successfully!
Admin logout successful]]>
  </system-out>
</testsuite> <!-- adminPanelDiscValidationScripts.PDVideoTest -->
