<?xml version="1.0" encoding="UTF-8"?>
<!-- Generated by org.testng.reporters.JUnitReportReporter -->
<testsuite hostname="DESKTOP-AV62DVG" failures="0" tests="1" name="adminWebinarValidationScript.UpdateWebinar" time="16.177" errors="0" timestamp="2025-07-21T18:15:36 IST" skipped="0">
  <testcase classname="adminWebinarValidationScript.UpdateWebinar" name="addExistingSpeaker" time="16.177">
    <system-out>
      <![CDATA[No existing speakers found with the name: Kajal]]>
    </system-out>
  </testcase> <!-- addExistingSpeaker -->
  <system-out>
    <![CDATA[Admin login successful
Events found with the name: AI Automation Webinar
No existing speakers found with the name: Kajal
Admin logout successful]]>
  </system-out>
</testsuite> <!-- adminWebinarValidationScript.UpdateWebinar -->
