<?xml version="1.0" encoding="UTF-8"?>
<!-- Generated by org.testng.reporters.JUnitReportReporter -->
<testsuite hostname="DESKTOP-AV62DVG" failures="0" tests="9" name="adminResourcesValidation.ResourceValidations" time="158.750" errors="0" timestamp="2025-07-16T15:32:11 IST" skipped="0">
  <testcase classname="adminResourcesValidation.ResourceValidations" name="addBlog" time="21.581">
    <system-out>
      <![CDATA[✅ AI at the Forefront: How Automation is Reshaping Tech Events : new blog created successfully.]]>
    </system-out>
  </testcase> <!-- addBlog -->
  <testcase classname="adminResourcesValidation.ResourceValidations" name="addArticle" time="23.965">
    <system-out>
      <![CDATA[✅ The Rise of Automation in Tech : new article created successfully.]]>
    </system-out>
  </testcase> <!-- addArticle -->
  <testcase classname="adminResourcesValidation.ResourceValidations" name="addMagazine" time="34.468">
    <system-out>
      <![CDATA[✅ TechConnect Monthly : new magazine created successfully.]]>
    </system-out>
  </testcase> <!-- addMagazine -->
  <testcase classname="adminResourcesValidation.ResourceValidations" name="updateBlog" time="20.574">
    <system-out>
      <![CDATA[✅ AI at the Forefront: How Automation is Reshaping Tech Events : blog updated successfully.]]>
    </system-out>
  </testcase> <!-- updateBlog -->
  <testcase classname="adminResourcesValidation.ResourceValidations" name="updateArticle" time="20.119">
    <system-out>
      <![CDATA[✅ The Rise of Automation in Tech : article updated successfully.]]>
    </system-out>
  </testcase> <!-- updateArticle -->
  <testcase classname="adminResourcesValidation.ResourceValidations" name="updateMagazine" time="20.257">
    <system-out>
      <![CDATA[✅ TechConnect Monthly : magazine updated successfully.]]>
    </system-out>
  </testcase> <!-- updateMagazine -->
  <testcase classname="adminResourcesValidation.ResourceValidations" name="deleteBlog" time="5.988">
    <system-out>
      <![CDATA[✅ AI at the Forefront: How Automation is Reshaping Tech Events : blog deleted successfully.]]>
    </system-out>
  </testcase> <!-- deleteBlog -->
  <testcase classname="adminResourcesValidation.ResourceValidations" name="deleteArticle" time="5.983">
    <system-out>
      <![CDATA[✅ The Rise of Automation in Tech : article deleted successfully.]]>
    </system-out>
  </testcase> <!-- deleteArticle -->
  <testcase classname="adminResourcesValidation.ResourceValidations" name="deleteMagazine" time="5.815">
    <system-out>
      <![CDATA[✅ TechConnect Monthly : magazine deleted successfully.]]>
    </system-out>
  </testcase> <!-- deleteMagazine -->
  <system-out>
    <![CDATA[Admin login successful
✅ AI at the Forefront: How Automation is Reshaping Tech Events : new blog created successfully.
✅ The Rise of Automation in Tech : new article created successfully.
✅ TechConnect Monthly : new magazine created successfully.
✅ AI at the Forefront: How Automation is Reshaping Tech Events : blog updated successfully.
✅ The Rise of Automation in Tech : article updated successfully.
✅ TechConnect Monthly : magazine updated successfully.
✅ AI at the Forefront: How Automation is Reshaping Tech Events : blog deleted successfully.
✅ The Rise of Automation in Tech : article deleted successfully.
✅ TechConnect Monthly : magazine deleted successfully.
Admin logout successful]]>
  </system-out>
</testsuite> <!-- adminResourcesValidation.ResourceValidations -->
