<?xml version="1.0" encoding="UTF-8"?>
<!-- Generated by org.testng.reporters.JUnitReportReporter -->
<testsuite hostname="DESKTOP-AV62DVG" failures="0" tests="2" name="adminWorkshopValidation.WorkshopVideoValidation" time="10.261" errors="0" timestamp="2025-07-10T17:18:01 IST" skipped="0">
  <testcase classname="adminWorkshopValidation.WorkshopVideoValidation" name="validateAddVideo" time="6.853">
    <system-out>
      <![CDATA[Video uploaded successfully.]]>
    </system-out>
  </testcase> <!-- validateAddVideo -->
  <testcase classname="adminWorkshopValidation.WorkshopVideoValidation" name="validateDeleteVideo" time="3.408">
    <system-out>
      <![CDATA[Video deleted successfully.]]>
    </system-out>
  </testcase> <!-- validateDeleteVideo -->
  <system-out>
    <![CDATA[Admin login successful
Video uploaded successfully.
Video deleted successfully.]]>
  </system-out>
</testsuite> <!-- adminWorkshopValidation.WorkshopVideoValidation -->
