<?xml version="1.0" encoding="UTF-8"?>
<!-- Generated by org.testng.reporters.JUnitReportReporter -->
<testsuite hostname="DESKTOP-AV62DVG" failures="0" tests="1" name="adminConferenceValidation.ConferenceCountValidations" time="91.250" errors="0" timestamp="2025-07-09T15:48:27 IST" skipped="0">
  <testcase classname="adminConferenceValidation.ConferenceCountValidations" name="validateAllConferenceFilters" time="91.250">
    <system-out>
      <![CDATA[Total Conferences → Dashboard Count: 7
Total Conferences → Found Events: 7
✔ Total Conferences count matches actual filtered events.
Live Conferences → Dashboard Count: 1
Live Conferences → Found Events: 1
✔ Live Conferences count matches actual filtered events.
Upcoming Conferences → Dashboard Count: 3
Upcoming Conferences → Found Events: 3
✔ Upcoming Conferences count matches actual filtered events.
Past Conferences → Dashboard Count: 3
Past Conferences → Found Events: 3
✔ Past Conferences count matches actual filtered events.
Pending Conferences → Dashboard Count: 0
Pending Conferences → Found Events: 0
✔ Pending Conferences count matches actual filtered events.]]>
    </system-out>
  </testcase> <!-- validateAllConferenceFilters -->
  <system-out>
    <![CDATA[Admin login successful
Total Conferences → Dashboard Count: 7
Total Conferences → Found Events: 7
✔ Total Conferences count matches actual filtered events.
Live Conferences → Dashboard Count: 1
Live Conferences → Found Events: 1
✔ Live Conferences count matches actual filtered events.
Upcoming Conferences → Dashboard Count: 3
Upcoming Conferences → Found Events: 3
✔ Upcoming Conferences count matches actual filtered events.
Past Conferences → Dashboard Count: 3
Past Conferences → Found Events: 3
✔ Past Conferences count matches actual filtered events.
Pending Conferences → Dashboard Count: 0
Pending Conferences → Found Events: 0
✔ Pending Conferences count matches actual filtered events.]]>
  </system-out>
</testsuite> <!-- adminConferenceValidation.ConferenceCountValidations -->
