<?xml version="1.0" encoding="UTF-8"?>
<!-- Generated by org.testng.reporters.JUnitReportReporter -->
<testsuite hostname="DESKTOP-AV62DVG" failures="0" tests="4" name="adminConferenceValidation.ConferenceRegValidationTest" time="47.443" errors="0" timestamp="2025-07-10T16:45:38 IST" skipped="0">
  <testcase classname="adminConferenceValidation.ConferenceRegValidationTest" name="ticketAddTest" time="8.473">
    <system-out>
      <![CDATA[Ticket added successfully.]]>
    </system-out>
  </testcase> <!-- ticketAddTest -->
  <testcase classname="adminConferenceValidation.ConferenceRegValidationTest" name="ticketEditTest" time="32.196">
    <system-out>
      <![CDATA[Ticket edited successfully.]]>
    </system-out>
  </testcase> <!-- ticketEditTest -->
  <testcase classname="adminConferenceValidation.ConferenceRegValidationTest" name="ticketDeleteTest" time="3.402">
    <system-out>
      <![CDATA[Ticket deleted successfully.]]>
    </system-out>
  </testcase> <!-- ticketDeleteTest -->
  <testcase classname="adminConferenceValidation.ConferenceRegValidationTest" name="changePaymentStatus" time="3.372">
    <system-out>
      <![CDATA[Payment status of user Kajal Rokade  changed to : Paid.]]>
    </system-out>
  </testcase> <!-- changePaymentStatus -->
  <system-out>
    <![CDATA[Admin login successful
Ticket added successfully.
Ticket edited successfully.
Ticket deleted successfully.
Payment status of user Kajal Rokade  changed to : Paid.]]>
  </system-out>
</testsuite> <!-- adminConferenceValidation.ConferenceRegValidationTest -->
