<?xml version="1.0" encoding="UTF-8"?>
<!-- Generated by org.testng.reporters.JUnitReportReporter -->
<testsuite hostname="DESKTOP-AV62DVG" failures="0" tests="1" name="adminPodcastValidationScripts.AddPodcastTest" time="7.304" errors="0" timestamp="2025-07-28T10:45:04 IST" skipped="0">
  <testcase classname="adminPodcastValidationScripts.AddPodcastTest" name="deletePD" time="7.304">
    <system-out>
      <![CDATA[Events found with the name: AI Automation Podcast
✅ AI Automation Podcast : podcast deleted successfully.]]>
    </system-out>
  </testcase> <!-- deletePD -->
  <system-out>
    <![CDATA[Admin login successful
Events found with the name: AI Automation Podcast
✅ AI Automation Podcast : podcast deleted successfully.
Admin logout successful]]>
  </system-out>
</testsuite> <!-- adminPodcastValidationScripts.AddPodcastTest -->
