<?xml version="1.0" encoding="UTF-8"?>
<!-- Generated by org.testng.reporters.JUnitReportReporter -->
<testsuite hostname="DESKTOP-AV62DVG" failures="0" tests="1" name="adminConferenceValidation.ConferenceCountValidations" time="15.268" errors="0" timestamp="2025-07-03T17:42:37 IST" skipped="0">
  <testcase classname="adminConferenceValidation.ConferenceCountValidations" name="validateConferenceCount" time="15.268"/>
  <system-out>
    <![CDATA[Admin login successful]]>
  </system-out>
</testsuite> <!-- adminConferenceValidation.ConferenceCountValidations -->
