<?xml version="1.0" encoding="UTF-8"?>
<!-- Generated by org.testng.reporters.JUnitReportReporter -->
<testsuite hostname="DESKTOP-AV62DVG" failures="0" tests="2" name="adminConferenceValidation.ConferenceCreationTest" time="16.793" errors="0" timestamp="2025-06-25T17:50:42 IST" skipped="0">
  <testcase classname="adminConferenceValidation.ConferenceCreationTest" name="TestWithValidData" time="15.487"/>
  <testcase classname="adminConferenceValidation.ConferenceCreationTest" name="navigateToConferencePage" time="1.306"/>
</testsuite> <!-- adminConferenceValidation.ConferenceCreationTest -->
