<?xml version="1.0" encoding="UTF-8"?>
<!-- Generated by org.testng.reporters.JUnitReportReporter -->
<testsuite hostname="DESKTOP-AV62DVG" failures="0" tests="2" name="adminPodcastValidationScripts.PodcastVideoTest" time="13.132" errors="0" timestamp="2025-07-28T10:37:04 IST" skipped="0">
  <testcase classname="adminPodcastValidationScripts.PodcastVideoTest" name="validateAddVideo" time="8.633">
    <system-out>
      <![CDATA[✅ Verified :  : upload completed successfully!]]>
    </system-out>
  </testcase> <!-- validateAddVideo -->
  <testcase classname="adminPodcastValidationScripts.PodcastVideoTest" name="validateDeleteVideo" time="4.499">
    <system-out>
      <![CDATA[✅ Verified :  : video deleted successfully!]]>
    </system-out>
  </testcase> <!-- validateDeleteVideo -->
  <system-out>
    <![CDATA[Admin login successful
Events found with the name: AI Automation Podcast
✅ Verified :  : upload completed successfully!
✅ Verified :  : video deleted successfully!
Admin logout successful]]>
  </system-out>
</testsuite> <!-- adminPodcastValidationScripts.PodcastVideoTest -->
