<?xml version="1.0" encoding="UTF-8"?>
<!-- Generated by org.testng.reporters.JUnitReportReporter -->
<testsuite hostname="DESKTOP-H75GT5C" failures="0" tests="1" name="UsersValidationScripts.ImportUserValidation" time="17.985" errors="0" timestamp="2025-04-24T11:57:13 IST" skipped="0">
  <testcase classname="UsersValidationScripts.ImportUserValidation" name="importUserValidtion" time="17.985"/>
  <system-out>
    <![CDATA[Users are added successfully from excel file]]>
  </system-out>
</testsuite> <!-- UsersValidationScripts.ImportUserValidation -->
