<?xml version="1.0" encoding="UTF-8"?>
<!-- Generated by org.testng.reporters.JUnitReportReporter -->
<testsuite hostname="DESKTOP-AV62DVG" failures="0" tests="1" name="adminSponsorValidationScript.sponsorValidation" time="5.816" errors="0" timestamp="2025-07-02T13:56:30 IST" skipped="0">
  <testcase classname="adminSponsorValidationScript.sponsorValidation" name="sponsorValidationTest" time="5.816"/>
</testsuite> <!-- adminSponsorValidationScript.sponsorValidation -->
