<?xml version="1.0" encoding="UTF-8"?>
<!-- Generated by org.testng.reporters.JUnitReportReporter -->
<testsuite hostname="DESKTOP-AV62DVG" failures="0" tests="1" name="adminWebinarValidationScript.UpdateWebinar" time="6.336" errors="0" timestamp="2025-07-28T18:10:21 IST" skipped="0">
  <testcase classname="adminWebinarValidationScript.UpdateWebinar" name="deleteZoomTest" time="6.336">
    <system-out>
      <![CDATA[✅ Internal : meeting deleted successfully.]]>
    </system-out>
  </testcase> <!-- deleteZoomTest -->
  <system-out>
    <![CDATA[Admin login successful
Events found with the name: AI Automation Webinar
✅ Internal : meeting deleted successfully.
Admin logout successful]]>
  </system-out>
</testsuite> <!-- adminWebinarValidationScript.UpdateWebinar -->
