<?xml version="1.0" encoding="UTF-8"?>
<!-- Generated by org.testng.reporters.JUnitReportReporter -->
<testsuite hostname="DESKTOP-AV62DVG" failures="1" tests="5" name="adminPanelDiscValidationScripts.PDDashboardTest" time="17.189" errors="0" timestamp="2025-07-24T15:56:00 IST" skipped="0">
  <testcase classname="adminPanelDiscValidationScripts.PDDashboardTest" name="verifyAttendeeCount" time="3.673">
    <system-out>
      <![CDATA[Dashboard Attendee Count: 1
Actual Attendee Count on Page: 1
✔ Attendee count matches between Dashboard and Detail Page]]>
    </system-out>
  </testcase> <!-- verifyAttendeeCount -->
  <testcase classname="adminPanelDiscValidationScripts.PDDashboardTest" name="sessionCountValidation" time="3.497">
    <system-out>
      <![CDATA[Session Count: Dashboard = 1, Page = 1
✔ Session Count count matches between Dashboard and Detail Page]]>
    </system-out>
  </testcase> <!-- sessionCountValidation -->
  <testcase classname="adminPanelDiscValidationScripts.PDDashboardTest" name="verifySpeakerCount" time="3.388">
    <system-out>
      <![CDATA[Speaker Count: Dashboard = 1, Page = 1
✔ Speaker Count count matches between Dashboard and Detail Page]]>
    </system-out>
  </testcase> <!-- verifySpeakerCount -->
  <testcase classname="adminPanelDiscValidationScripts.PDDashboardTest" name="verifySponsorCount" time="3.510">
    <system-out>
      <![CDATA[Sponsor Count: Dashboard = 1, Page = 1
✔ Sponsor Count count matches between Dashboard and Detail Page]]>
    </system-out>
  </testcase> <!-- verifySponsorCount -->
  <testcase classname="adminPanelDiscValidationScripts.PDDashboardTest" name="verifyDaysToEventDisplayedCorrectly" time="3.121">
    <failure message="Mismatch in Days to Event! expected [22] but found [21]" type="java.lang.AssertionError">
      <![CDATA[java.lang.AssertionError: Mismatch in Days to Event! expected [22] but found [21]
at org.testng.Assert.fail(Assert.java:111)
at org.testng.Assert.failNotEquals(Assert.java:1590)
at org.testng.Assert.assertEqualsImpl(Assert.java:150)
at org.testng.Assert.assertEquals(Assert.java:132)
at org.testng.Assert.assertEquals(Assert.java:992)
at org.testng.Assert.assertEquals(Assert.java:956)
at adminPanelDiscValidationScripts.PDDashboardTest.verifyDaysToEventDisplayedCorrectly(PDDashboardTest.java:60)
at java.base/jdk.internal.reflect.DirectMethodHandleAccessor.invoke(DirectMethodHandleAccessor.java:103)
at java.base/java.lang.reflect.Method.invoke(Method.java:580)
at org.testng.internal.invokers.MethodInvocationHelper.invokeMethod(MethodInvocationHelper.java:141)
at org.testng.internal.invokers.TestInvoker.invokeMethod(TestInvoker.java:687)
at org.testng.internal.invokers.TestInvoker.invokeTestMethod(TestInvoker.java:230)
at org.testng.internal.invokers.MethodRunner.runInSequence(MethodRunner.java:63)
at org.testng.internal.invokers.TestInvoker$MethodInvocationAgent.invoke(TestInvoker.java:995)
at org.testng.internal.invokers.TestInvoker.invokeTestMethods(TestInvoker.java:203)
at org.testng.internal.invokers.TestMethodWorker.invokeTestMethods(TestMethodWorker.java:154)
at org.testng.internal.invokers.TestMethodWorker.run(TestMethodWorker.java:134)
at java.base/java.util.ArrayList.forEach(ArrayList.java:1596)
at org.testng.TestRunner.privateRun(TestRunner.java:741)
at org.testng.TestRunner.run(TestRunner.java:616)
at org.testng.SuiteRunner.runTest(SuiteRunner.java:421)
at org.testng.SuiteRunner.runSequentially(SuiteRunner.java:413)
at org.testng.SuiteRunner.privateRun(SuiteRunner.java:373)
at org.testng.SuiteRunner.run(SuiteRunner.java:312)
at org.testng.SuiteRunnerWorker.runSuite(SuiteRunnerWorker.java:52)
at org.testng.SuiteRunnerWorker.run(SuiteRunnerWorker.java:95)
at org.testng.TestNG.runSuitesSequentially(TestNG.java:1274)
at org.testng.TestNG.runSuitesLocally(TestNG.java:1208)
at org.testng.TestNG.runSuites(TestNG.java:1112)
at org.testng.TestNG.run(TestNG.java:1079)
at org.testng.remote.AbstractRemoteTestNG.run(AbstractRemoteTestNG.java:115)
at org.testng.remote.RemoteTestNG.initAndRun(RemoteTestNG.java:293)
at org.testng.remote.RemoteTestNG.main(RemoteTestNG.java:91)
]]>
    </failure>
    <system-out>
      <![CDATA[Displayed Days to Event: 21]]>
    </system-out>
  </testcase> <!-- verifyDaysToEventDisplayedCorrectly -->
  <system-out>
    <![CDATA[Admin login successful
Events found with the name: AI Automation Panel Discussion
Dashboard Attendee Count: 1
Actual Attendee Count on Page: 1
✔ Attendee count matches between Dashboard and Detail Page
Session Count: Dashboard = 1, Page = 1
✔ Session Count count matches between Dashboard and Detail Page
Speaker Count: Dashboard = 1, Page = 1
✔ Speaker Count count matches between Dashboard and Detail Page
Sponsor Count: Dashboard = 1, Page = 1
✔ Sponsor Count count matches between Dashboard and Detail Page
Displayed Days to Event: 21
Admin logout successful]]>
  </system-out>
</testsuite> <!-- adminPanelDiscValidationScripts.PDDashboardTest -->
