<?xml version="1.0" encoding="UTF-8"?>
<!-- Generated by org.testng.reporters.JUnitReportReporter -->
<testsuite hostname="DESKTOP-AV62DVG" failures="0" tests="1" name="adminConferenceValidation.AddNewFunctionalityValidation" time="34.241" errors="0" timestamp="2025-06-23T12:24:16 IST" skipped="0">
  <testcase classname="adminConferenceValidation.AddNewFunctionalityValidation" name="addNewFunctionalityTest" time="34.241"/>
</testsuite> <!-- adminConferenceValidation.AddNewFunctionalityValidation -->
