<?xml version="1.0" encoding="UTF-8"?>
<!-- Generated by org.testng.reporters.JUnitReportReporter -->
<testsuite hostname="DESKTOP-AV62DVG" failures="0" tests="3" name="adminSponsorValidationScript.sponsorValidation" time="79.043" errors="0" timestamp="2025-07-10T15:03:37 IST" skipped="0">
  <testcase classname="adminSponsorValidationScript.sponsorValidation" name="sponsorValidationTest" time="13.196">
    <system-out>
      <![CDATA[Sponsor creation message: sponsor created successfully.]]>
    </system-out>
  </testcase> <!-- sponsorValidationTest -->
  <testcase classname="adminSponsorValidationScript.sponsorValidation" name="updateSponsorsValidations" time="59.726">
    <system-out>
      <![CDATA[Sponsor creation message: sponsor updated successfully]]>
    </system-out>
  </testcase> <!-- updateSponsorsValidations -->
  <testcase classname="adminSponsorValidationScript.sponsorValidation" name="deleteSponsorValidation" time="6.121">
    <system-out>
      <![CDATA[Sponsor deletion message: sponsor deleted successfully.]]>
    </system-out>
  </testcase> <!-- deleteSponsorValidation -->
  <system-out>
    <![CDATA[Admin login successful
Sponsor creation message: sponsor created successfully.
Sponsor creation message: sponsor updated successfully
Sponsor deletion message: sponsor deleted successfully.]]>
  </system-out>
</testsuite> <!-- adminSponsorValidationScript.sponsorValidation -->
