<?xml version="1.0" encoding="UTF-8"?>
<!-- Generated by org.testng.reporters.JUnitReportReporter -->
<testsuite hostname="DESKTOP-AV62DVG" failures="0" tests="1" name="adminConferenceValidation.ConferenceCreationTest" time="1.178" errors="0" timestamp="2025-07-03T15:21:31 IST" skipped="0">
  <testcase classname="adminConferenceValidation.ConferenceCreationTest" name="publishConference" time="1.178">
    <system-out>
      <![CDATA[AI Automation Testing Conference published successfully.]]>
    </system-out>
  </testcase> <!-- publishConference -->
  <system-out>
    <![CDATA[Admin login successful
AI Automation Testing Conference published successfully.]]>
  </system-out>
</testsuite> <!-- adminConferenceValidation.ConferenceCreationTest -->
