<?xml version="1.0" encoding="UTF-8"?>
<!-- Generated by org.testng.reporters.JUnitReportReporter -->
<testsuite hostname="DESKTOP-AV62DVG" failures="0" tests="1" name="adminPanelDiscValidationScripts.UpdatePDTest" time="16.033" errors="0" timestamp="2025-07-25T13:05:22 IST" skipped="0">
  <testcase classname="adminPanelDiscValidationScripts.UpdatePDTest" name="addExistingSponsor" time="16.033">
    <system-out>
      <![CDATA[No existing sponsors found with the name: MetaPercept]]>
    </system-out>
  </testcase> <!-- addExistingSponsor -->
  <system-out>
    <![CDATA[Admin login successful
Events found with the name: AI Automation Panel Discussion
No existing sponsors found with the name: MetaPercept
Admin logout successful]]>
  </system-out>
</testsuite> <!-- adminPanelDiscValidationScripts.UpdatePDTest -->
