<?xml version="1.0" encoding="UTF-8"?>
<!-- Generated by org.testng.reporters.JUnitReportReporter -->
<testsuite hostname="DESKTOP-AV62DVG" failures="1" tests="7" name="adminWorkshopValidation.WorkshopDashboardValidation" time="32.547" errors="1" timestamp="2025-07-09T15:39:06 IST" skipped="0">
  <testcase classname="adminWorkshopValidation.WorkshopDashboardValidation" name="verifyRegTktData" time="2.433">
    <system-out>
      <![CDATA[Ticket Sales Amount (from Dashboard): ₹20000.0
Total of Attendee Prices: ₹20000.0
✔ Ticket Sales amount matches total attendee prices]]>
    </system-out>
  </testcase> <!-- verifyRegTktData -->
  <testcase classname="adminWorkshopValidation.WorkshopDashboardValidation" name="verifyAttendeeCount" time="2.299">
    <system-out>
      <![CDATA[Dashboard Attendee Count: 2
Actual Attendee Count on Page: 2
✔ Attendee count matches between Dashboard and Detail Page]]>
    </system-out>
  </testcase> <!-- verifyAttendeeCount -->
  <testcase classname="adminWorkshopValidation.WorkshopDashboardValidation" name="verifyRegistrationBreakdownWithAttendeeData" time="8.425">
    <system-out>
      <![CDATA[Dashboard Paid Count: 2
Dashboard Refunded Count: 0
Dashboard Canceled Count: 0
Paid Attendee Count: 2
Refunded Attendee Count: 0
Canceled Attendee Count: 0
✔ Registration breakdown data matches attendee statuses.]]>
    </system-out>
  </testcase> <!-- verifyRegistrationBreakdownWithAttendeeData -->
  <testcase classname="adminWorkshopValidation.WorkshopDashboardValidation" name="sessionCountValidation" time="14.570">
    <failure message="Session Count count mismatch! expected [0] but found [6]" type="java.lang.AssertionError">
      <![CDATA[java.lang.AssertionError: Session Count count mismatch! expected [0] but found [6]
at org.testng.Assert.fail(Assert.java:111)
at org.testng.Assert.failNotEquals(Assert.java:1590)
at org.testng.Assert.assertEqualsImpl(Assert.java:150)
at org.testng.Assert.assertEquals(Assert.java:132)
at org.testng.Assert.assertEquals(Assert.java:1431)
at org.testng.Assert.assertEquals(Assert.java:1395)
at adminWorkshopValidation.WorkshopDashboardValidation.verifyDashboardToDetailMatch(WorkshopDashboardValidation.java:143)
at adminWorkshopValidation.WorkshopDashboardValidation.sessionCountValidation(WorkshopDashboardValidation.java:154)
at java.base/jdk.internal.reflect.DirectMethodHandleAccessor.invoke(DirectMethodHandleAccessor.java:103)
at java.base/java.lang.reflect.Method.invoke(Method.java:580)
at org.testng.internal.invokers.MethodInvocationHelper.invokeMethod(MethodInvocationHelper.java:141)
at org.testng.internal.invokers.TestInvoker.invokeMethod(TestInvoker.java:687)
at org.testng.internal.invokers.TestInvoker.invokeTestMethod(TestInvoker.java:230)
at org.testng.internal.invokers.MethodRunner.runInSequence(MethodRunner.java:63)
at org.testng.internal.invokers.TestInvoker$MethodInvocationAgent.invoke(TestInvoker.java:995)
at org.testng.internal.invokers.TestInvoker.invokeTestMethods(TestInvoker.java:203)
at org.testng.internal.invokers.TestMethodWorker.invokeTestMethods(TestMethodWorker.java:154)
at org.testng.internal.invokers.TestMethodWorker.run(TestMethodWorker.java:134)
at java.base/java.util.ArrayList.forEach(ArrayList.java:1596)
at org.testng.TestRunner.privateRun(TestRunner.java:741)
at org.testng.TestRunner.run(TestRunner.java:616)
at org.testng.SuiteRunner.runTest(SuiteRunner.java:421)
at org.testng.SuiteRunner.runSequentially(SuiteRunner.java:413)
at org.testng.SuiteRunner.privateRun(SuiteRunner.java:373)
at org.testng.SuiteRunner.run(SuiteRunner.java:312)
at org.testng.SuiteRunnerWorker.runSuite(SuiteRunnerWorker.java:52)
at org.testng.SuiteRunnerWorker.run(SuiteRunnerWorker.java:95)
at org.testng.TestNG.runSuitesSequentially(TestNG.java:1274)
at org.testng.TestNG.runSuitesLocally(TestNG.java:1208)
at org.testng.TestNG.runSuites(TestNG.java:1112)
at org.testng.TestNG.run(TestNG.java:1079)
at org.testng.remote.AbstractRemoteTestNG.run(AbstractRemoteTestNG.java:115)
at org.testng.remote.RemoteTestNG.initAndRun(RemoteTestNG.java:293)
at org.testng.remote.RemoteTestNG.main(RemoteTestNG.java:91)
]]>
    </failure>
    <system-out>
      <![CDATA[Session Count: Dashboard = 0, Page = 6]]>
    </system-out>
  </testcase> <!-- sessionCountValidation -->
  <testcase classname="adminWorkshopValidation.WorkshopDashboardValidation" name="verifySpeakerCount" time="2.356">
    <system-out>
      <![CDATA[Speaker Count: Dashboard = 1, Page = 1
✔ Speaker Count count matches between Dashboard and Detail Page]]>
    </system-out>
  </testcase> <!-- verifySpeakerCount -->
  <testcase classname="adminWorkshopValidation.WorkshopDashboardValidation" name="verifySponsorCount" time="2.418">
    <system-out>
      <![CDATA[Sponsor Count: Dashboard = 2, Page = 2
✔ Sponsor Count count matches between Dashboard and Detail Page]]>
    </system-out>
  </testcase> <!-- verifySponsorCount -->
  <testcase classname="adminWorkshopValidation.WorkshopDashboardValidation" name="verifyDaysToEventDisplayedCorrectly" time="0.046">
    <error message="For input string: &quot;&quot;" type="java.lang.NumberFormatException">
      <![CDATA[java.lang.NumberFormatException: For input string: ""
at java.base/java.lang.NumberFormatException.forInputString(NumberFormatException.java:67)
at java.base/java.lang.Integer.parseInt(Integer.java:672)
at java.base/java.lang.Integer.parseInt(Integer.java:778)
at adminWorkshopValidation.WorkshopDashboardValidation.verifyDaysToEventDisplayedCorrectly(WorkshopDashboardValidation.java:59)
at java.base/jdk.internal.reflect.DirectMethodHandleAccessor.invoke(DirectMethodHandleAccessor.java:103)
at java.base/java.lang.reflect.Method.invoke(Method.java:580)
at org.testng.internal.invokers.MethodInvocationHelper.invokeMethod(MethodInvocationHelper.java:141)
at org.testng.internal.invokers.TestInvoker.invokeMethod(TestInvoker.java:687)
at org.testng.internal.invokers.TestInvoker.invokeTestMethod(TestInvoker.java:230)
at org.testng.internal.invokers.MethodRunner.runInSequence(MethodRunner.java:63)
at org.testng.internal.invokers.TestInvoker$MethodInvocationAgent.invoke(TestInvoker.java:995)
at org.testng.internal.invokers.TestInvoker.invokeTestMethods(TestInvoker.java:203)
at org.testng.internal.invokers.TestMethodWorker.invokeTestMethods(TestMethodWorker.java:154)
at org.testng.internal.invokers.TestMethodWorker.run(TestMethodWorker.java:134)
at java.base/java.util.ArrayList.forEach(ArrayList.java:1596)
at org.testng.TestRunner.privateRun(TestRunner.java:741)
at org.testng.TestRunner.run(TestRunner.java:616)
at org.testng.SuiteRunner.runTest(SuiteRunner.java:421)
at org.testng.SuiteRunner.runSequentially(SuiteRunner.java:413)
at org.testng.SuiteRunner.privateRun(SuiteRunner.java:373)
at org.testng.SuiteRunner.run(SuiteRunner.java:312)
at org.testng.SuiteRunnerWorker.runSuite(SuiteRunnerWorker.java:52)
at org.testng.SuiteRunnerWorker.run(SuiteRunnerWorker.java:95)
at org.testng.TestNG.runSuitesSequentially(TestNG.java:1274)
at org.testng.TestNG.runSuitesLocally(TestNG.java:1208)
at org.testng.TestNG.runSuites(TestNG.java:1112)
at org.testng.TestNG.run(TestNG.java:1079)
at org.testng.remote.AbstractRemoteTestNG.run(AbstractRemoteTestNG.java:115)
at org.testng.remote.RemoteTestNG.initAndRun(RemoteTestNG.java:293)
at org.testng.remote.RemoteTestNG.main(RemoteTestNG.java:91)
]]>
    </error>
  </testcase> <!-- verifyDaysToEventDisplayedCorrectly -->
  <system-out>
    <![CDATA[Admin login successful
Ticket Sales Amount (from Dashboard): ₹20000.0
Total of Attendee Prices: ₹20000.0
✔ Ticket Sales amount matches total attendee prices
Dashboard Attendee Count: 2
Actual Attendee Count on Page: 2
✔ Attendee count matches between Dashboard and Detail Page
Dashboard Paid Count: 2
Dashboard Refunded Count: 0
Dashboard Canceled Count: 0
Paid Attendee Count: 2
Refunded Attendee Count: 0
Canceled Attendee Count: 0
✔ Registration breakdown data matches attendee statuses.
Session Count: Dashboard = 0, Page = 6
Speaker Count: Dashboard = 1, Page = 1
✔ Speaker Count count matches between Dashboard and Detail Page
Sponsor Count: Dashboard = 2, Page = 2
✔ Sponsor Count count matches between Dashboard and Detail Page]]>
  </system-out>
</testsuite> <!-- adminWorkshopValidation.WorkshopDashboardValidation -->
