<?xml version="1.0" encoding="UTF-8"?>
<!-- Generated by org.testng.reporters.JUnitReportReporter -->
<testsuite hostname="DESKTOP-AV62DVG" failures="0" tests="1" name="adminConferenceValidation.DashboardValidation1" time="8.402" errors="0" timestamp="2025-07-04T17:40:46 IST" skipped="0">
  <testcase classname="adminConferenceValidation.DashboardValidation1" name="verifyRegistrationBreakdownWithAttendeeData" time="8.402"/>
  <system-out>
    <![CDATA[Admin login successful]]>
  </system-out>
</testsuite> <!-- adminConferenceValidation.DashboardValidation1 -->
