<?xml version="1.0" encoding="UTF-8"?>
<!-- Generated by org.testng.reporters.JUnitReportReporter -->
<testsuite hostname="DESKTOP-AV62DVG" failures="0" tests="12" name="adminWorkshopValidation.WorkshopUpdateTest" time="112.687" errors="0" timestamp="2025-07-09T14:42:44 IST" skipped="0">
  <testcase classname="adminWorkshopValidation.WorkshopUpdateTest" name="TestWithValidData" time="20.338">
    <system-out>
      <![CDATA[Workshop image updated successfully.
AI Automation Workshop Workshop created successfully.]]>
    </system-out>
  </testcase> <!-- TestWithValidData -->
  <testcase classname="adminWorkshopValidation.WorkshopUpdateTest" name="addSessions" time="7.919">
    <system-out>
      <![CDATA[Session added successfully.]]>
    </system-out>
  </testcase> <!-- addSessions -->
  <testcase classname="adminWorkshopValidation.WorkshopUpdateTest" name="updateSession" time="7.960">
    <system-out>
      <![CDATA[Session updated successfully.]]>
    </system-out>
  </testcase> <!-- updateSession -->
  <testcase classname="adminWorkshopValidation.WorkshopUpdateTest" name="deleteSession" time="3.398">
    <system-out>
      <![CDATA[Session deleted successfully.]]>
    </system-out>
  </testcase> <!-- deleteSession -->
  <testcase classname="adminWorkshopValidation.WorkshopUpdateTest" name="addNewSpeakers" time="13.654">
    <system-out>
      <![CDATA[Speaker added successfully.]]>
    </system-out>
  </testcase> <!-- addNewSpeakers -->
  <testcase classname="adminWorkshopValidation.WorkshopUpdateTest" name="addExistingSpeakers" time="1.216">
    <system-out>
      <![CDATA[Existing speaker added successfully.]]>
    </system-out>
  </testcase> <!-- addExistingSpeakers -->
  <testcase classname="adminWorkshopValidation.WorkshopUpdateTest" name="updateSpeaker" time="11.722">
    <system-out>
      <![CDATA[Speaker updated successfully.]]>
    </system-out>
  </testcase> <!-- updateSpeaker -->
  <testcase classname="adminWorkshopValidation.WorkshopUpdateTest" name="deleteSpeaker" time="3.358">
    <system-out>
      <![CDATA[Speaker deleted successfully.]]>
    </system-out>
  </testcase> <!-- deleteSpeaker -->
  <testcase classname="adminWorkshopValidation.WorkshopUpdateTest" name="addNewSponsor" time="15.278">
    <system-out>
      <![CDATA[New Sponsor added successfully.]]>
    </system-out>
  </testcase> <!-- addNewSponsor -->
  <testcase classname="adminWorkshopValidation.WorkshopUpdateTest" name="sponsorUpdate" time="14.894">
    <system-out>
      <![CDATA[Sponsor updated successfully.]]>
    </system-out>
  </testcase> <!-- sponsorUpdate -->
  <testcase classname="adminWorkshopValidation.WorkshopUpdateTest" name="addExistingSponsors" time="9.598">
    <system-out>
      <![CDATA[Existing sponsor added successfully.]]>
    </system-out>
  </testcase> <!-- addExistingSponsors -->
  <testcase classname="adminWorkshopValidation.WorkshopUpdateTest" name="deleteSponsor" time="3.352">
    <system-out>
      <![CDATA[Sponsor deleted successfully.]]>
    </system-out>
  </testcase> <!-- deleteSponsor -->
  <system-out>
    <![CDATA[Admin login successful
Workshop image updated successfully.
AI Automation Workshop Workshop created successfully.
Session added successfully.
Session updated successfully.
Session deleted successfully.
Speaker added successfully.
Existing speaker added successfully.
Speaker updated successfully.
Speaker deleted successfully.
New Sponsor added successfully.
Sponsor updated successfully.
Existing sponsor added successfully.
Sponsor deleted successfully.]]>
  </system-out>
</testsuite> <!-- adminWorkshopValidation.WorkshopUpdateTest -->
