<?xml version="1.0" encoding="UTF-8"?>
<!-- Generated by org.testng.reporters.JUnitReportReporter -->
<testsuite hostname="DESKTOP-AV62DVG" failures="0" tests="1" name="adminPanelDiscValidationScripts.UpdatePDTest" time="16.313" errors="0" timestamp="2025-07-24T15:55:12 IST" skipped="0">
  <testcase classname="adminPanelDiscValidationScripts.UpdatePDTest" name="addSponsor" time="16.313">
    <system-out>
      <![CDATA[⚠️ Duplicate Sponsor : duplicate name found.
🛑 Form closed after duplicate toast.]]>
    </system-out>
  </testcase> <!-- addSponsor -->
  <system-out>
    <![CDATA[Admin login successful
Events found with the name: AI Automation Panel Discussion
⚠️ Duplicate Sponsor : duplicate name found.
🛑 Form closed after duplicate toast.
Admin logout successful]]>
  </system-out>
</testsuite> <!-- adminPanelDiscValidationScripts.UpdatePDTest -->
