<?xml version="1.0" encoding="UTF-8"?>
<!-- Generated by org.testng.reporters.JUnitReportReporter -->
<testsuite hostname="DESKTOP-AV62DVG" failures="0" tests="1" name="adminWebinarValidationScript.ValidateAddNewWebinar" time="19.093" errors="0" timestamp="2025-07-21T16:05:02 IST" skipped="0">
  <testcase classname="adminWebinarValidationScript.ValidateAddNewWebinar" name="addNewWebinar" time="19.093">
    <system-out>
      <![CDATA[✅ AI Automation Webinar : new webinar created successfully.]]>
    </system-out>
  </testcase> <!-- addNewWebinar -->
  <system-out>
    <![CDATA[Admin login successful
✅ AI Automation Webinar : new webinar created successfully.
Admin logout successful]]>
  </system-out>
</testsuite> <!-- adminWebinarValidationScript.ValidateAddNewWebinar -->
