<?xml version="1.0" encoding="UTF-8"?>
<!-- Generated by org.testng.reporters.JUnitReportReporter -->
<testsuite hostname="DESKTOP-AV62DVG" failures="0" tests="1" name="adminPanelDiscValidationScripts.ValidateAddNewPD" time="20.495" errors="0" timestamp="2025-07-24T10:46:21 IST" skipped="0">
  <testcase classname="adminPanelDiscValidationScripts.ValidateAddNewPD" name="addNewPanelDisc" time="20.495">
    <system-out>
      <![CDATA[✅ AI Automation Panel Discussion : new panel discussion created successfully.]]>
    </system-out>
  </testcase> <!-- addNewPanelDisc -->
  <system-out>
    <![CDATA[Admin login successful
✅ AI Automation Panel Discussion : new panel discussion created successfully.
Admin logout successful]]>
  </system-out>
</testsuite> <!-- adminPanelDiscValidationScripts.ValidateAddNewPD -->
