<?xml version="1.0" encoding="UTF-8"?>
<!-- Generated by org.testng.reporters.JUnitReportReporter -->
<testsuite hostname="DESKTOP-AV62DVG" failures="0" tests="1" name="adminWebinarValidationScript.WebinarDashboardValidation" time="3.415" errors="0" timestamp="2025-07-24T10:13:03 IST" skipped="0">
  <testcase classname="adminWebinarValidationScript.WebinarDashboardValidation" name="verifyAttendeeCount" time="3.415">
    <system-out>
      <![CDATA[Dashboard Attendee Count: 1
Actual Attendee Count on Page: 1
✔ Attendee count matches between Dashboard and Detail Page]]>
    </system-out>
  </testcase> <!-- verifyAttendeeCount -->
  <system-out>
    <![CDATA[Admin login successful
Events found with the name: AI Automation Webinar
Dashboard Attendee Count: 1
Actual Attendee Count on Page: 1
✔ Attendee count matches between Dashboard and Detail Page
Admin logout successful]]>
  </system-out>
</testsuite> <!-- adminWebinarValidationScript.WebinarDashboardValidation -->
