<?xml version="1.0" encoding="UTF-8"?>
<!-- Generated by org.testng.reporters.JUnitReportReporter -->
<testsuite hostname="DESKTOP-AV62DVG" failures="0" tests="1" name="adminSponsorValidationScript.sponsorValidation" time="8.190" errors="0" timestamp="2025-06-09T12:45:47 IST" skipped="0">
  <testcase classname="adminSponsorValidationScript.sponsorValidation" name="sponsorValidationTest" time="8.190"/>
</testsuite> <!-- adminSponsorValidationScript.sponsorValidation -->
