<?xml version="1.0" encoding="UTF-8"?>
<!-- Generated by org.testng.reporters.JUnitReportReporter -->
<testsuite hostname="DESKTOP-AV62DVG" failures="0" tests="5" name="adminWorkshopValidation.AllEventFilterValidation" time="548.364" errors="0" timestamp="2025-07-09T16:29:04 IST" skipped="0">
  <testcase classname="adminWorkshopValidation.AllEventFilterValidation" name="runWebinarValidation" time="82.908">
    <system-out>
      <![CDATA[▶ webinar → Total Dashboard Count: 7
→ Found: 7
✔ Total filter validated

▶ webinar → Live Dashboard Count: 2
→ Found: 2
✔ Live filter validated

▶ webinar → Upcoming Dashboard Count: 1
→ Found: 1
✔ Upcoming filter validated

▶ webinar → Past Dashboard Count: 2
→ Found: 2
✔ Past filter validated

▶ webinar → Pending Dashboard Count: 2
→ Found: 2
✔ Pending filter validated
]]>
    </system-out>
  </testcase> <!-- runWebinarValidation -->
  <testcase classname="adminWorkshopValidation.AllEventFilterValidation" name="runPanelValidation" time="142.442">
    <system-out>
      <![CDATA[▶ panel → Total Dashboard Count: 7
→ Found: 7
✔ Total filter validated

▶ panel → Live Dashboard Count: 0
→ Found: 0
✔ Live filter validated

▶ panel → Upcoming Dashboard Count: 0
→ Found: 0
✔ Upcoming filter validated

▶ panel → Past Dashboard Count: 0
→ Found: 0
✔ Past filter validated

▶ panel → Pending Dashboard Count: 7
→ Found: 7
✔ Pending filter validated
]]>
    </system-out>
  </testcase> <!-- runPanelValidation -->
  <testcase classname="adminWorkshopValidation.AllEventFilterValidation" name="runPodcastValidation" time="128.233">
    <system-out>
      <![CDATA[▶ podcast → Total Dashboard Count: 1
→ Found: 1
✔ Total filter validated

▶ podcast → Live Dashboard Count: 0
→ Found: 0
✔ Live filter validated

▶ podcast → Upcoming Dashboard Count: 1
→ Found: 1
✔ Upcoming filter validated

▶ podcast → Past Dashboard Count: 0
→ Found: 0
✔ Past filter validated

▶ podcast → Pending Dashboard Count: 0
→ Found: 0
✔ Pending filter validated
]]>
    </system-out>
  </testcase> <!-- runPodcastValidation -->
  <testcase classname="adminWorkshopValidation.AllEventFilterValidation" name="runWorkshopValidation" time="112.183">
    <system-out>
      <![CDATA[▶ workshop → Total Dashboard Count: 7
→ Found: 7
✔ Total filter validated

▶ workshop → Live Dashboard Count: 1
→ Found: 1
✔ Live filter validated

▶ workshop → Upcoming Dashboard Count: 3
→ Found: 3
✔ Upcoming filter validated

▶ workshop → Past Dashboard Count: 3
→ Found: 3
✔ Past filter validated

▶ workshop → Pending Dashboard Count: 0
→ Found: 0
✔ Pending filter validated
]]>
    </system-out>
  </testcase> <!-- runWorkshopValidation -->
  <testcase classname="adminWorkshopValidation.AllEventFilterValidation" name="runConferenceValidation" time="82.598">
    <system-out>
      <![CDATA[▶ conference → Total Dashboard Count: 6
→ Found: 6
✔ Total filter validated

▶ conference → Live Dashboard Count: 1
→ Found: 1
✔ Live filter validated

▶ conference → Upcoming Dashboard Count: 2
→ Found: 2
✔ Upcoming filter validated

▶ conference → Past Dashboard Count: 2
→ Found: 2
✔ Past filter validated

▶ conference → Pending Dashboard Count: 1
→ Found: 1
✔ Pending filter validated
]]>
    </system-out>
  </testcase> <!-- runConferenceValidation -->
  <system-out>
    <![CDATA[Admin login successful
▶ webinar → Total Dashboard Count: 7
→ Found: 7
✔ Total filter validated

▶ webinar → Live Dashboard Count: 2
→ Found: 2
✔ Live filter validated

▶ webinar → Upcoming Dashboard Count: 1
→ Found: 1
✔ Upcoming filter validated

▶ webinar → Past Dashboard Count: 2
→ Found: 2
✔ Past filter validated

▶ webinar → Pending Dashboard Count: 2
→ Found: 2
✔ Pending filter validated

▶ panel → Total Dashboard Count: 7
→ Found: 7
✔ Total filter validated

▶ panel → Live Dashboard Count: 0
→ Found: 0
✔ Live filter validated

▶ panel → Upcoming Dashboard Count: 0
→ Found: 0
✔ Upcoming filter validated

▶ panel → Past Dashboard Count: 0
→ Found: 0
✔ Past filter validated

▶ panel → Pending Dashboard Count: 7
→ Found: 7
✔ Pending filter validated

▶ podcast → Total Dashboard Count: 1
→ Found: 1
✔ Total filter validated

▶ podcast → Live Dashboard Count: 0
→ Found: 0
✔ Live filter validated

▶ podcast → Upcoming Dashboard Count: 1
→ Found: 1
✔ Upcoming filter validated

▶ podcast → Past Dashboard Count: 0
→ Found: 0
✔ Past filter validated

▶ podcast → Pending Dashboard Count: 0
→ Found: 0
✔ Pending filter validated

▶ workshop → Total Dashboard Count: 7
→ Found: 7
✔ Total filter validated

▶ workshop → Live Dashboard Count: 1
→ Found: 1
✔ Live filter validated

▶ workshop → Upcoming Dashboard Count: 3
→ Found: 3
✔ Upcoming filter validated

▶ workshop → Past Dashboard Count: 3
→ Found: 3
✔ Past filter validated

▶ workshop → Pending Dashboard Count: 0
→ Found: 0
✔ Pending filter validated

▶ conference → Total Dashboard Count: 6
→ Found: 6
✔ Total filter validated

▶ conference → Live Dashboard Count: 1
→ Found: 1
✔ Live filter validated

▶ conference → Upcoming Dashboard Count: 2
→ Found: 2
✔ Upcoming filter validated

▶ conference → Past Dashboard Count: 2
→ Found: 2
✔ Past filter validated

▶ conference → Pending Dashboard Count: 1
→ Found: 1
✔ Pending filter validated
]]>
  </system-out>
</testsuite> <!-- adminWorkshopValidation.AllEventFilterValidation -->
